[03:01:00] bMotion: autosaving facts...
[03:01:00] bMotion: preparing to go to bed
[03:03:00] bMotion: gone to sleep
[03:05:00] @#holland (+Rtn) : [m/7 o/7 h/0 v/0 n/0 b/1 e/- I/-]
[03:05:00] #Holland-20plus (+tn) : [m/3 o/1 h/0 v/0 n/2 b/0 e/- I/-]
[03:05:00] @#zoetermeer (+stn) : [m/2 o/2 h/0 v/0 n/0 b/0 e/- I/-]
[03:10:00] @#holland (+Rtn) : [m/7 o/7 h/0 v/0 n/0 b/1 e/- I/-]
[03:10:00] #Holland-20plus (+tn) : [m/3 o/1 h/0 v/0 n/2 b/0 e/- I/-]
[03:10:00] @#zoetermeer (+stn) : [m/2 o/2 h/0 v/0 n/0 b/0 e/- I/-]
[03:12:00] Backing up seen data...
[03:15:00] @#holland (+Rtn) : [m/7 o/7 h/0 v/0 n/0 b/1 e/- I/-]
[03:15:00] #Holland-20plus (+tn) : [m/3 o/1 h/0 v/0 n/2 b/0 e/- I/-]
[03:15:00] @#zoetermeer (+stn) : [m/2 o/2 h/0 v/0 n/0 b/0 e/- I/-]
[03:20:00] @#holland (+Rtn) : [m/7 o/7 h/0 v/0 n/0 b/1 e/- I/-]
[03:20:00] #Holland-20plus (+tn) : [m/3 o/1 h/0 v/0 n/2 b/0 e/- I/-]
[03:20:00] @#zoetermeer (+stn) : [m/2 o/2 h/0 v/0 n/0 b/0 e/- I/-]
[03:25:00] @#holland (+Rtn) : [m/7 o/7 h/0 v/0 n/0 b/1 e/- I/-]
[03:25:00] #Holland-20plus (+tn) : [m/3 o/1 h/0 v/0 n/2 b/0 e/- I/-]
[03:25:00] @#zoetermeer (+stn) : [m/2 o/2 h/0 v/0 n/0 b/0 e/- I/-]
[03:30:00] bMotion: running level 4 self-diagnostic
[03:30:00] @#holland (+Rtn) : [m/7 o/7 h/0 v/0 n/0 b/1 e/- I/-]
[03:30:00] #Holland-20plus (+tn) : [m/3 o/1 h/0 v/0 n/2 b/0 e/- I/-]
[03:30:00] @#zoetermeer (+stn) : [m/2 o/2 h/0 v/0 n/0 b/0 e/- I/-]
[03:35:00] Trimming brain...
[03:35:00] Brain trimmed
[03:35:00] Saving brain...
[03:35:00] @#holland (+Rtn) : [m/7 o/7 h/0 v/0 n/0 b/1 e/- I/-]
[03:35:00] #Holland-20plus (+tn) : [m/3 o/1 h/0 v/0 n/2 b/0 e/- I/-]
[03:35:00] @#zoetermeer (+stn) : [m/2 o/2 h/0 v/0 n/0 b/0 e/- I/-]
[03:40:00] @#holland (+Rtn) : [m/7 o/7 h/0 v/0 n/0 b/1 e/- I/-]
[03:40:00] #Holland-20plus (+tn) : [m/3 o/1 h/0 v/0 n/2 b/0 e/- I/-]
[03:40:00] @#zoetermeer (+stn) : [m/2 o/2 h/0 v/0 n/0 b/0 e/- I/-]
[03:45:00] @#holland (+Rtn) : [m/7 o/7 h/0 v/0 n/0 b/1 e/- I/-]
[03:45:00] #Holland-20plus (+tn) : [m/3 o/1 h/0 v/0 n/2 b/0 e/- I/-]
[03:45:00] @#zoetermeer (+stn) : [m/2 o/2 h/0 v/0 n/0 b/0 e/- I/-]
[03:45:00] Writing user file...
[03:45:00] Writing channel file...
[03:45:11] -G (announce@undernet.org) to $*- How will the Nevada Republican Caucus turn out? Will it still be Trump, Rubio, Cruz, after tonight? What of Kasich, Carson, Undecided? The Undernet User Committee invites you to our After Party! Lots of extra ballots will take a while to count! /Join #LastManStanding - No Pillow Fights ;-)
[03:50:00] @#holland (+Rtn) : [m/7 o/7 h/0 v/0 n/0 b/1 e/- I/-]
[03:50:00] #Holland-20plus (+tn) : [m/3 o/1 h/0 v/0 n/2 b/0 e/- I/-]
[03:50:00] @#zoetermeer (+stn) : [m/2 o/2 h/0 v/0 n/0 b/0 e/- I/-]
[03:55:00] @#holland (+Rtn) : [m/7 o/7 h/0 v/0 n/0 b/1 e/- I/-]
[03:55:00] #Holland-20plus (+tn) : [m/3 o/1 h/0 v/0 n/2 b/0 e/- I/-]
[03:55:00] @#zoetermeer (+stn) : [m/2 o/2 h/0 v/0 n/0 b/0 e/- I/-]
[04:00:00] @#holland (+Rtn) : [m/7 o/7 h/0 v/0 n/0 b/1 e/- I/-]
[04:00:00] #Holland-20plus (+tn) : [m/3 o/1 h/0 v/0 n/2 b/0 e/- I/-]
[04:00:00] @#zoetermeer (+stn) : [m/2 o/2 h/0 v/0 n/0 b/0 e/- I/-]
[04:01:00] bMotion: autosaving facts...
[04:05:00] @#holland (+Rtn) : [m/7 o/7 h/0 v/0 n/0 b/1 e/- I/-]
[04:05:00] #Holland-20plus (+tn) : [m/3 o/1 h/0 v/0 n/2 b/0 e/- I/-]
[04:05:00] @#zoetermeer (+stn) : [m/2 o/2 h/0 v/0 n/0 b/0 e/- I/-]
[04:10:00] @#holland (+Rtn) : [m/7 o/7 h/0 v/0 n/0 b/1 e/- I/-]
[04:10:00] #Holland-20plus (+tn) : [m/3 o/1 h/0 v/0 n/2 b/0 e/- I/-]
[04:10:00] @#zoetermeer (+stn) : [m/2 o/2 h/0 v/0 n/0 b/0 e/- I/-]
[04:12:00] Backing up seen data...
[04:15:00] @#holland (+Rtn) : [m/7 o/7 h/0 v/0 n/0 b/1 e/- I/-]
[04:15:00] #Holland-20plus (+tn) : [m/3 o/1 h/0 v/0 n/2 b/0 e/- I/-]
[04:15:00] @#zoetermeer (+stn) : [m/2 o/2 h/0 v/0 n/0 b/0 e/- I/-]
[04:20:00] @#holland (+Rtn) : [m/7 o/7 h/0 v/0 n/0 b/1 e/- I/-]
[04:20:00] #Holland-20plus (+tn) : [m/3 o/1 h/0 v/0 n/2 b/0 e/- I/-]
[04:20:00] @#zoetermeer (+stn) : [m/2 o/2 h/0 v/0 n/0 b/0 e/- I/-]
[04:25:00] @#holland (+Rtn) : [m/7 o/7 h/0 v/0 n/0 b/1 e/- I/-]
[04:25:00] #Holland-20plus (+tn) : [m/3 o/1 h/0 v/0 n/2 b/0 e/- I/-]
[04:25:00] @#zoetermeer (+stn) : [m/2 o/2 h/0 v/0 n/0 b/0 e/- I/-]
[04:30:00] bMotion: running level 4 self-diagnostic
[04:30:00] @#holland (+Rtn) : [m/7 o/7 h/0 v/0 n/0 b/1 e/- I/-]
[04:30:00] #Holland-20plus (+tn) : [m/3 o/1 h/0 v/0 n/2 b/0 e/- I/-]
[04:30:00] @#zoetermeer (+stn) : [m/2 o/2 h/0 v/0 n/0 b/0 e/- I/-]
[04:33:54] #Holland-20plus is active but has no ops :(
[04:35:00] Trimming brain...
[04:35:00] Brain trimmed
[04:35:00] Saving brain...
[04:35:00] @#holland (+Rtn) : [m/5 o/5 h/0 v/0 n/0 b/1 e/- I/-]
[04:35:00] #Holland-20plus (+tn) : [m/2 o/0 h/0 v/0 n/2 b/0 e/- I/-]
[04:35:00] @#zoetermeer (+stn) : [m/2 o/2 h/0 v/0 n/0 b/0 e/- I/-]
[04:40:00] @#holland (+Rtn) : [m/6 o/6 h/0 v/0 n/0 b/1 e/- I/-]
[04:40:00] #Holland-20plus (+tn) : [m/2 o/0 h/0 v/0 n/2 b/0 e/- I/-]
[04:40:00] @#zoetermeer (+stn) : [m/2 o/2 h/0 v/0 n/0 b/0 e/- I/-]
[04:45:00] @#holland (+Rtn) : [m/6 o/6 h/0 v/0 n/0 b/1 e/- I/-]
[04:45:00] #Holland-20plus (+tn) : [m/2 o/0 h/0 v/0 n/2 b/0 e/- I/-]
[04:45:00] @#zoetermeer (+stn) : [m/2 o/2 h/0 v/0 n/0 b/0 e/- I/-]
[04:45:00] Writing user file...
[04:45:00] Writing channel file...
[04:50:00] @#holland (+Rtn) : [m/6 o/6 h/0 v/0 n/0 b/1 e/- I/-]
[04:50:00] #Holland-20plus (+tn) : [m/3 o/0 h/0 v/0 n/3 b/0 e/- I/-]
[04:50:00] @#zoetermeer (+stn) : [m/2 o/2 h/0 v/0 n/0 b/0 e/- I/-]
[04:55:00] @#holland (+Rtn) : [m/7 o/7 h/0 v/0 n/0 b/1 e/- I/-]
[04:55:00] #Holland-20plus (+tn) : [m/3 o/0 h/0 v/0 n/3 b/0 e/- I/-]
[04:55:00] @#zoetermeer (+stn) : [m/2 o/2 h/0 v/0 n/0 b/0 e/- I/-]
[05:00:00] @#holland (+Rtn) : [m/7 o/7 h/0 v/0 n/0 b/1 e/- I/-]
[05:00:00] #Holland-20plus (+tn) : [m/3 o/0 h/0 v/0 n/3 b/0 e/- I/-]
[05:00:00] @#zoetermeer (+stn) : [m/2 o/2 h/0 v/0 n/0 b/0 e/- I/-]
[05:01:00] bMotion: autosaving facts...
[05:05:00] @#holland (+Rtn) : [m/7 o/7 h/0 v/0 n/0 b/1 e/- I/-]
[05:05:00] #Holland-20plus (+tn) : [m/3 o/0 h/0 v/0 n/3 b/0 e/- I/-]
[05:05:00] @#zoetermeer (+stn) : [m/2 o/2 h/0 v/0 n/0 b/0 e/- I/-]
[05:10:00] @#holland (+Rtn) : [m/7 o/7 h/0 v/0 n/0 b/1 e/- I/-]
[05:10:00] #Holland-20plus (+tn) : [m/3 o/0 h/0 v/0 n/3 b/0 e/- I/-]
[05:10:00] @#zoetermeer (+stn) : [m/2 o/2 h/0 v/0 n/0 b/0 e/- I/-]
[05:12:00] Backing up seen data...
[05:15:00] @#holland (+Rtn) : [m/7 o/7 h/0 v/0 n/0 b/1 e/- I/-]
[05:15:00] #Holland-20plus (+tn) : [m/3 o/0 h/0 v/0 n/3 b/0 e/- I/-]
[05:15:00] @#zoetermeer (+stn) : [m/2 o/2 h/0 v/0 n/0 b/0 e/- I/-]
[05:20:00] @#holland (+Rtn) : [m/7 o/7 h/0 v/0 n/0 b/1 e/- I/-]
[05:20:00] #Holland-20plus (+tn) : [m/3 o/0 h/0 v/0 n/3 b/0 e/- I/-]
[05:20:00] @#zoetermeer (+stn) : [m/2 o/2 h/0 v/0 n/0 b/0 e/- I/-]
[05:25:00] @#holland (+Rtn) : [m/7 o/7 h/0 v/0 n/0 b/1 e/- I/-]
[05:25:00] #Holland-20plus (+tn) : [m/3 o/0 h/0 v/0 n/3 b/0 e/- I/-]
[05:25:00] @#zoetermeer (+stn) : [m/2 o/2 h/0 v/0 n/0 b/0 e/- I/-]
[05:30:00] bMotion: running level 4 self-diagnostic
[05:30:00] @#holland (+Rtn) : [m/7 o/7 h/0 v/0 n/0 b/1 e/- I/-]
[05:30:00] #Holland-20plus (+tn) : [m/3 o/0 h/0 v/0 n/3 b/0 e/- I/-]
[05:30:00] @#zoetermeer (+stn) : [m/2 o/2 h/0 v/0 n/0 b/0 e/- I/-]
[05:35:00] Trimming brain...
[05:35:00] Brain trimmed
[05:35:00] Saving brain...
[05:35:00] @#holland (+Rtn) : [m/7 o/7 h/0 v/0 n/0 b/1 e/- I/-]
[05:35:00] #Holland-20plus (+tn) : [m/3 o/0 h/0 v/0 n/3 b/0 e/- I/-]
[05:35:00] @#zoetermeer (+stn) : [m/2 o/2 h/0 v/0 n/0 b/0 e/- I/-]
[05:40:00] @#holland (+Rtn) : [m/7 o/7 h/0 v/0 n/0 b/1 e/- I/-]
[05:40:00] #Holland-20plus (+tn) : [m/3 o/0 h/0 v/0 n/3 b/0 e/- I/-]
[05:40:00] @#zoetermeer (+stn) : [m/2 o/2 h/0 v/0 n/0 b/0 e/- I/-]
[05:45:00] @#holland (+Rtn) : [m/7 o/7 h/0 v/0 n/0 b/1 e/- I/-]
[05:45:00] #Holland-20plus (+tn) : [m/3 o/0 h/0 v/0 n/3 b/0 e/- I/-]
[05:45:00] @#zoetermeer (+stn) : [m/2 o/2 h/0 v/0 n/0 b/0 e/- I/-]
[05:45:00] Writing user file...
[05:45:00] Writing channel file...
[05:50:00] @#holland (+Rtn) : [m/7 o/7 h/0 v/0 n/0 b/1 e/- I/-]
[05:50:00] #Holland-20plus (+tn) : [m/3 o/0 h/0 v/0 n/3 b/0 e/- I/-]
[05:50:00] @#zoetermeer (+stn) : [m/2 o/2 h/0 v/0 n/0 b/0 e/- I/-]
[05:55:00] @#holland (+Rtn) : [m/7 o/7 h/0 v/0 n/0 b/1 e/- I/-]
[05:55:00] #Holland-20plus (+tn) : [m/3 o/0 h/0 v/0 n/3 b/0 e/- I/-]
[05:55:00] @#zoetermeer (+stn) : [m/2 o/2 h/0 v/0 n/0 b/0 e/- I/-]
[06:00:00] @#holland (+Rtn) : [m/7 o/7 h/0 v/0 n/0 b/1 e/- I/-]
[06:00:00] #Holland-20plus (+tn) : [m/3 o/0 h/0 v/0 n/3 b/0 e/- I/-]
[06:00:00] @#zoetermeer (+stn) : [m/2 o/2 h/0 v/0 n/0 b/0 e/- I/-]
[06:01:00] bMotion: autosaving facts...
[06:03:00] bMotion: woke up!
[06:05:00] @#holland (+Rtn) : [m/7 o/7 h/0 v/0 n/0 b/1 e/- I/-]
[06:05:00] #Holland-20plus (+tn) : [m/3 o/0 h/0 v/0 n/3 b/0 e/- I/-]
[06:05:00] @#zoetermeer (+stn) : [m/2 o/2 h/0 v/0 n/0 b/0 e/- I/-]
[06:10:00] @#holland (+Rtn) : [m/7 o/7 h/0 v/0 n/0 b/1 e/- I/-]
[06:10:00] #Holland-20plus (+tn) : [m/3 o/0 h/0 v/0 n/3 b/0 e/- I/-]
[06:10:00] @#zoetermeer (+stn) : [m/2 o/2 h/0 v/0 n/0 b/0 e/- I/-]
[06:12:00] Backing up seen data...
[06:15:00] @#holland (+Rtn) : [m/7 o/7 h/0 v/0 n/0 b/1 e/- I/-]
[06:15:00] #Holland-20plus (+tn) : [m/3 o/0 h/0 v/0 n/3 b/0 e/- I/-]
[06:15:00] @#zoetermeer (+stn) : [m/2 o/2 h/0 v/0 n/0 b/0 e/- I/-]
[06:20:00] @#holland (+Rtn) : [m/7 o/7 h/0 v/0 n/0 b/1 e/- I/-]
[06:20:00] #Holland-20plus (+tn) : [m/3 o/0 h/0 v/0 n/3 b/0 e/- I/-]
[06:20:00] @#zoetermeer (+stn) : [m/2 o/2 h/0 v/0 n/0 b/0 e/- I/-]
[06:25:00] @#holland (+Rtn) : [m/7 o/7 h/0 v/0 n/0 b/1 e/- I/-]
[06:25:00] #Holland-20plus (+tn) : [m/3 o/0 h/0 v/0 n/3 b/0 e/- I/-]
[06:25:00] @#zoetermeer (+stn) : [m/2 o/2 h/0 v/0 n/0 b/0 e/- I/-]
[06:30:00] bMotion: running level 4 self-diagnostic
[06:30:00] @#holland (+Rtn) : [m/7 o/7 h/0 v/0 n/0 b/1 e/- I/-]
[06:30:00] #Holland-20plus (+tn) : [m/3 o/0 h/0 v/0 n/3 b/0 e/- I/-]
[06:30:00] @#zoetermeer (+stn) : [m/2 o/2 h/0 v/0 n/0 b/0 e/- I/-]
[06:35:00] Trimming brain...
[06:35:00] Brain trimmed
[06:35:00] Saving brain...
[06:35:00] @#holland (+Rtn) : [m/7 o/7 h/0 v/0 n/0 b/1 e/- I/-]
[06:35:00] #Holland-20plus (+tn) : [m/3 o/0 h/0 v/0 n/3 b/0 e/- I/-]
[06:35:00] @#zoetermeer (+stn) : [m/2 o/2 h/0 v/0 n/0 b/0 e/- I/-]
[06:40:00] @#holland (+Rtn) : [m/7 o/7 h/0 v/0 n/0 b/1 e/- I/-]
[06:40:00] #Holland-20plus (+tn) : [m/3 o/0 h/0 v/0 n/3 b/0 e/- I/-]
[06:40:00] @#zoetermeer (+stn) : [m/2 o/2 h/0 v/0 n/0 b/0 e/- I/-]
[06:45:00] @#holland (+Rtn) : [m/7 o/7 h/0 v/0 n/0 b/1 e/- I/-]
[06:45:00] #Holland-20plus (+tn) : [m/3 o/0 h/0 v/0 n/3 b/0 e/- I/-]
[06:45:00] @#zoetermeer (+stn) : [m/2 o/2 h/0 v/0 n/0 b/0 e/- I/-]
[06:45:00] Writing user file...
[06:45:00] Writing channel file...
[06:50:00] @#holland (+Rtn) : [m/7 o/7 h/0 v/0 n/0 b/1 e/- I/-]
[06:50:00] #Holland-20plus (+tn) : [m/3 o/0 h/0 v/0 n/3 b/0 e/- I/-]
[06:50:00] @#zoetermeer (+stn) : [m/2 o/2 h/0 v/0 n/0 b/0 e/- I/-]
[06:55:00] @#holland (+Rtn) : [m/7 o/7 h/0 v/0 n/0 b/1 e/- I/-]
[06:55:00] #Holland-20plus (+tn) : [m/3 o/0 h/0 v/0 n/3 b/0 e/- I/-]
[06:55:00] @#zoetermeer (+stn) : [m/2 o/2 h/0 v/0 n/0 b/0 e/- I/-]
[07:00:00] @#holland (+Rtn) : [m/7 o/7 h/0 v/0 n/0 b/1 e/- I/-]
[07:00:00] #Holland-20plus (+tn) : [m/3 o/0 h/0 v/0 n/3 b/0 e/- I/-]
[07:00:00] @#zoetermeer (+stn) : [m/2 o/2 h/0 v/0 n/0 b/0 e/- I/-]
[07:01:00] bMotion: autosaving facts...
[07:05:00] @#holland (+Rtn) : [m/7 o/7 h/0 v/0 n/0 b/1 e/- I/-]
[07:05:00] #Holland-20plus (+tn) : [m/3 o/0 h/0 v/0 n/3 b/0 e/- I/-]
[07:05:00] @#zoetermeer (+stn) : [m/2 o/2 h/0 v/0 n/0 b/0 e/- I/-]
[07:10:00] @#holland (+Rtn) : [m/7 o/7 h/0 v/0 n/0 b/1 e/- I/-]
[07:10:00] #Holland-20plus (+tn) : [m/3 o/0 h/0 v/0 n/3 b/0 e/- I/-]
[07:10:00] @#zoetermeer (+stn) : [m/2 o/2 h/0 v/0 n/0 b/0 e/- I/-]
[07:12:00] Backing up seen data...
[07:15:00] @#holland (+Rtn) : [m/7 o/7 h/0 v/0 n/0 b/1 e/- I/-]
[07:15:00] #Holland-20plus (+tn) : [m/3 o/0 h/0 v/0 n/3 b/0 e/- I/-]
[07:15:00] @#zoetermeer (+stn) : [m/2 o/2 h/0 v/0 n/0 b/0 e/- I/-]
[07:20:00] @#holland (+Rtn) : [m/7 o/7 h/0 v/0 n/0 b/1 e/- I/-]
[07:20:00] #Holland-20plus (+tn) : [m/3 o/0 h/0 v/0 n/3 b/0 e/- I/-]
[07:20:00] @#zoetermeer (+stn) : [m/2 o/2 h/0 v/0 n/0 b/0 e/- I/-]
[07:25:00] @#holland (+Rtn) : [m/7 o/7 h/0 v/0 n/0 b/1 e/- I/-]
[07:25:00] #Holland-20plus (+tn) : [m/3 o/0 h/0 v/0 n/3 b/0 e/- I/-]
[07:25:00] @#zoetermeer (+stn) : [m/2 o/2 h/0 v/0 n/0 b/0 e/- I/-]
[07:30:00] bMotion: running level 4 self-diagnostic
[07:30:00] @#holland (+Rtn) : [m/7 o/7 h/0 v/0 n/0 b/1 e/- I/-]
[07:30:00] #Holland-20plus (+tn) : [m/3 o/0 h/0 v/0 n/3 b/0 e/- I/-]
[07:30:00] @#zoetermeer (+stn) : [m/2 o/2 h/0 v/0 n/0 b/0 e/- I/-]
[07:35:00] Trimming brain...
[07:35:00] Brain trimmed
[07:35:00] Saving brain...
[07:35:00] @#holland (+Rtn) : [m/7 o/7 h/0 v/0 n/0 b/1 e/- I/-]
[07:35:00] #Holland-20plus (+tn) : [m/3 o/0 h/0 v/0 n/3 b/0 e/- I/-]
[07:35:00] @#zoetermeer (+stn) : [m/2 o/2 h/0 v/0 n/0 b/0 e/- I/-]
[07:40:00] @#holland (+Rtn) : [m/7 o/7 h/0 v/0 n/0 b/1 e/- I/-]
[07:40:00] #Holland-20plus (+tn) : [m/3 o/0 h/0 v/0 n/3 b/0 e/- I/-]
[07:40:00] @#zoetermeer (+stn) : [m/2 o/2 h/0 v/0 n/0 b/0 e/- I/-]
[07:45:00] @#holland (+Rtn) : [m/7 o/7 h/0 v/0 n/0 b/1 e/- I/-]
[07:45:00] #Holland-20plus (+tn) : [m/3 o/0 h/0 v/0 n/3 b/0 e/- I/-]
[07:45:00] @#zoetermeer (+stn) : [m/2 o/2 h/0 v/0 n/0 b/0 e/- I/-]
[07:45:00] Writing user file...
[07:45:00] Writing channel file...
[07:50:00] @#holland (+Rtn) : [m/7 o/7 h/0 v/0 n/0 b/1 e/- I/-]
[07:50:00] #Holland-20plus (+tn) : [m/3 o/0 h/0 v/0 n/3 b/0 e/- I/-]
[07:50:00] @#zoetermeer (+stn) : [m/2 o/2 h/0 v/0 n/0 b/0 e/- I/-]
[07:55:00] @#holland (+Rtn) : [m/7 o/7 h/0 v/0 n/0 b/1 e/- I/-]
[07:55:00] #Holland-20plus (+tn) : [m/3 o/0 h/0 v/0 n/3 b/0 e/- I/-]
[07:55:00] @#zoetermeer (+stn) : [m/2 o/2 h/0 v/0 n/0 b/0 e/- I/-]
[08:00:00] @#holland (+Rtn) : [m/7 o/7 h/0 v/0 n/0 b/1 e/- I/-]
[08:00:00] #Holland-20plus (+tn) : [m/3 o/0 h/0 v/0 n/3 b/0 e/- I/-]
[08:00:00] @#zoetermeer (+stn) : [m/2 o/2 h/0 v/0 n/0 b/0 e/- I/-]
[08:01:00] bMotion: autosaving facts...
[08:05:00] @#holland (+Rtn) : [m/7 o/7 h/0 v/0 n/0 b/1 e/- I/-]
[08:05:00] #Holland-20plus (+tn) : [m/3 o/0 h/0 v/0 n/3 b/0 e/- I/-]
[08:05:00] @#zoetermeer (+stn) : [m/2 o/2 h/0 v/0 n/0 b/0 e/- I/-]
[08:07:00] Trying to cycle #Holland-20plus to regain ops.
[08:07:00] fr3Sh joined #Holland-20plus.
[08:09:00] #Holland-20plus is active but has no ops :(
[08:10:00] @#holland (+Rtn) : [m/7 o/7 h/0 v/0 n/0 b/1 e/- I/-]
[08:10:00] #Holland-20plus (+tn) : [m/3 o/0 h/0 v/0 n/3 b/0 e/- I/-]
[08:10:00] @#zoetermeer (+stn) : [m/2 o/2 h/0 v/0 n/0 b/0 e/- I/-]
[08:12:00] Backing up seen data...
[08:15:00] @#holland (+Rtn) : [m/7 o/7 h/0 v/0 n/0 b/1 e/- I/-]
[08:15:00] #Holland-20plus (+tn) : [m/3 o/0 h/0 v/0 n/3 b/0 e/- I/-]
[08:15:00] @#zoetermeer (+stn) : [m/2 o/2 h/0 v/0 n/0 b/0 e/- I/-]
[08:20:00] @#holland (+Rtn) : [m/8 o/8 h/0 v/0 n/0 b/1 e/- I/-]
[08:20:00] #Holland-20plus (+tn) : [m/3 o/0 h/0 v/0 n/3 b/0 e/- I/-]
[08:20:00] @#zoetermeer (+stn) : [m/2 o/2 h/0 v/0 n/0 b/0 e/- I/-]
[08:25:00] @#holland (+Rtn) : [m/8 o/8 h/0 v/0 n/0 b/1 e/- I/-]
[08:25:00] #Holland-20plus (+tn) : [m/3 o/0 h/0 v/0 n/3 b/0 e/- I/-]
[08:25:00] @#zoetermeer (+stn) : [m/2 o/2 h/0 v/0 n/0 b/0 e/- I/-]
[08:30:00] bMotion: running level 4 self-diagnostic
[08:30:00] @#holland (+Rtn) : [m/8 o/8 h/0 v/0 n/0 b/1 e/- I/-]
[08:30:00] #Holland-20plus (+tn) : [m/3 o/0 h/0 v/0 n/3 b/0 e/- I/-]
[08:30:00] @#zoetermeer (+stn) : [m/2 o/2 h/0 v/0 n/0 b/0 e/- I/-]
[08:35:00] Trimming brain...
[08:35:00] Brain trimmed
[08:35:00] Saving brain...
[08:35:00] @#holland (+Rtn) : [m/8 o/8 h/0 v/0 n/0 b/1 e/- I/-]
[08:35:00] #Holland-20plus (+tn) : [m/3 o/0 h/0 v/0 n/3 b/0 e/- I/-]
[08:35:00] @#zoetermeer (+stn) : [m/2 o/2 h/0 v/0 n/0 b/0 e/- I/-]
[08:40:00] @#holland (+Rtn) : [m/8 o/8 h/0 v/0 n/0 b/1 e/- I/-]
[08:40:00] #Holland-20plus (+tn) : [m/3 o/0 h/0 v/0 n/3 b/0 e/- I/-]
[08:40:00] @#zoetermeer (+stn) : [m/2 o/2 h/0 v/0 n/0 b/0 e/- I/-]
[08:45:00] @#holland (+Rtn) : [m/8 o/8 h/0 v/0 n/0 b/1 e/- I/-]
[08:45:00] #Holland-20plus (+tn) : [m/3 o/0 h/0 v/0 n/3 b/0 e/- I/-]
[08:45:00] @#zoetermeer (+stn) : [m/2 o/2 h/0 v/0 n/0 b/0 e/- I/-]
[08:45:00] Writing user file...
[08:45:00] Writing channel file...
[08:50:00] @#holland (+Rtn) : [m/8 o/8 h/0 v/0 n/0 b/1 e/- I/-]
[08:50:00] #Holland-20plus (+tn) : [m/3 o/0 h/0 v/0 n/3 b/0 e/- I/-]
[08:50:00] @#zoetermeer (+stn) : [m/2 o/2 h/0 v/0 n/0 b/0 e/- I/-]
[08:55:00] @#holland (+Rtn) : [m/8 o/8 h/0 v/0 n/0 b/1 e/- I/-]
[08:55:00] #Holland-20plus (+tn) : [m/3 o/0 h/0 v/0 n/3 b/0 e/- I/-]
[08:55:00] @#zoetermeer (+stn) : [m/2 o/2 h/0 v/0 n/0 b/0 e/- I/-]
[09:00:00] @#holland (+Rtn) : [m/8 o/8 h/0 v/0 n/0 b/1 e/- I/-]
[09:00:00] #Holland-20plus (+tn) : [m/3 o/0 h/0 v/0 n/3 b/0 e/- I/-]
[09:00:00] @#zoetermeer (+stn) : [m/2 o/2 h/0 v/0 n/0 b/0 e/- I/-]
[09:01:00] bMotion: autosaving facts...
[09:05:00] @#holland (+Rtn) : [m/8 o/8 h/0 v/0 n/0 b/1 e/- I/-]
[09:05:00] #Holland-20plus (+tn) : [m/3 o/0 h/0 v/0 n/3 b/0 e/- I/-]
[09:05:00] @#zoetermeer (+stn) : [m/2 o/2 h/0 v/0 n/0 b/0 e/- I/-]
[09:10:00] @#holland (+Rtn) : [m/8 o/8 h/0 v/0 n/0 b/1 e/- I/-]
[09:10:00] #Holland-20plus (+tn) : [m/3 o/0 h/0 v/0 n/3 b/0 e/- I/-]
[09:10:00] @#zoetermeer (+stn) : [m/2 o/2 h/0 v/0 n/0 b/0 e/- I/-]
[09:12:00] Backing up seen data...
[09:15:00] @#holland (+Rtn) : [m/8 o/8 h/0 v/0 n/0 b/1 e/- I/-]
[09:15:00] #Holland-20plus (+tn) : [m/3 o/0 h/0 v/0 n/3 b/0 e/- I/-]
[09:15:00] @#zoetermeer (+stn) : [m/2 o/2 h/0 v/0 n/0 b/0 e/- I/-]
[09:20:00] @#holland (+Rtn) : [m/8 o/8 h/0 v/0 n/0 b/1 e/- I/-]
[09:20:00] #Holland-20plus (+tn) : [m/3 o/0 h/0 v/0 n/3 b/0 e/- I/-]
[09:20:00] @#zoetermeer (+stn) : [m/2 o/2 h/0 v/0 n/0 b/0 e/- I/-]
[09:25:00] @#holland (+Rtn) : [m/8 o/8 h/0 v/0 n/0 b/1 e/- I/-]
[09:25:00] #Holland-20plus (+tn) : [m/3 o/0 h/0 v/0 n/3 b/0 e/- I/-]
[09:25:00] @#zoetermeer (+stn) : [m/2 o/2 h/0 v/0 n/0 b/0 e/- I/-]
[09:30:00] bMotion: running level 4 self-diagnostic
[09:30:00] @#holland (+Rtn) : [m/8 o/8 h/0 v/0 n/0 b/1 e/- I/-]
[09:30:00] #Holland-20plus (+tn) : [m/3 o/0 h/0 v/0 n/3 b/0 e/- I/-]
[09:30:00] @#zoetermeer (+stn) : [m/2 o/2 h/0 v/0 n/0 b/0 e/- I/-]
[09:35:00] Trimming brain...
[09:35:00] Brain trimmed
[09:35:00] Saving brain...
[09:35:00] @#holland (+Rtn) : [m/8 o/8 h/0 v/0 n/0 b/1 e/- I/-]
[09:35:00] #Holland-20plus (+tn) : [m/3 o/0 h/0 v/0 n/3 b/0 e/- I/-]
[09:35:00] @#zoetermeer (+stn) : [m/2 o/2 h/0 v/0 n/0 b/0 e/- I/-]
[09:40:00] @#holland (+Rtn) : [m/8 o/8 h/0 v/0 n/0 b/1 e/- I/-]
[09:40:00] #Holland-20plus (+tn) : [m/3 o/0 h/0 v/0 n/3 b/0 e/- I/-]
[09:40:00] @#zoetermeer (+stn) : [m/2 o/2 h/0 v/0 n/0 b/0 e/- I/-]
[09:45:00] @#holland (+Rtn) : [m/8 o/8 h/0 v/0 n/0 b/1 e/- I/-]
[09:45:00] #Holland-20plus (+tn) : [m/3 o/0 h/0 v/0 n/3 b/0 e/- I/-]
[09:45:00] @#zoetermeer (+stn) : [m/2 o/2 h/0 v/0 n/0 b/0 e/- I/-]
[09:45:00] Writing user file...
[09:45:00] Writing channel file...
[09:50:00] @#holland (+Rtn) : [m/8 o/8 h/0 v/0 n/0 b/1 e/- I/-]
[09:50:00] #Holland-20plus (+tn) : [m/3 o/0 h/0 v/0 n/3 b/0 e/- I/-]
[09:50:00] @#zoetermeer (+stn) : [m/2 o/2 h/0 v/0 n/0 b/0 e/- I/-]
[09:55:00] @#holland (+Rtn) : [m/8 o/8 h/0 v/0 n/0 b/1 e/- I/-]
[09:55:00] #Holland-20plus (+tn) : [m/3 o/0 h/0 v/0 n/3 b/0 e/- I/-]
[09:55:00] @#zoetermeer (+stn) : [m/2 o/2 h/0 v/0 n/0 b/0 e/- I/-]
[10:00:00] @#holland (+Rtn) : [m/8 o/8 h/0 v/0 n/0 b/1 e/- I/-]
[10:00:00] #Holland-20plus (+tn) : [m/3 o/0 h/0 v/0 n/3 b/0 e/- I/-]
[10:00:00] @#zoetermeer (+stn) : [m/2 o/2 h/0 v/0 n/0 b/0 e/- I/-]
[10:01:00] bMotion: autosaving facts...
[10:05:00] @#holland (+Rtn) : [m/8 o/8 h/0 v/0 n/0 b/1 e/- I/-]
[10:05:00] #Holland-20plus (+tn) : [m/3 o/0 h/0 v/0 n/3 b/0 e/- I/-]
[10:05:00] @#zoetermeer (+stn) : [m/2 o/2 h/0 v/0 n/0 b/0 e/- I/-]
[10:10:00] @#holland (+Rtn) : [m/8 o/8 h/0 v/0 n/0 b/1 e/- I/-]
[10:10:00] #Holland-20plus (+tn) : [m/3 o/0 h/0 v/0 n/3 b/0 e/- I/-]
[10:10:00] @#zoetermeer (+stn) : [m/2 o/2 h/0 v/0 n/0 b/0 e/- I/-]
[10:12:00] Backing up seen data...
[10:15:00] @#holland (+Rtn) : [m/8 o/8 h/0 v/0 n/0 b/1 e/- I/-]
[10:15:00] #Holland-20plus (+tn) : [m/3 o/0 h/0 v/0 n/3 b/0 e/- I/-]
[10:15:00] @#zoetermeer (+stn) : [m/2 o/2 h/0 v/0 n/0 b/0 e/- I/-]
[10:20:00] @#holland (+Rtn) : [m/8 o/8 h/0 v/0 n/0 b/1 e/- I/-]
[10:20:00] #Holland-20plus (+tn) : [m/3 o/0 h/0 v/0 n/3 b/0 e/- I/-]
[10:20:00] @#zoetermeer (+stn) : [m/2 o/2 h/0 v/0 n/0 b/0 e/- I/-]
[10:25:00] @#holland (+Rtn) : [m/8 o/8 h/0 v/0 n/0 b/1 e/- I/-]
[10:25:00] #Holland-20plus (+tn) : [m/3 o/0 h/0 v/0 n/3 b/0 e/- I/-]
[10:25:00] @#zoetermeer (+stn) : [m/2 o/2 h/0 v/0 n/0 b/0 e/- I/-]
[10:30:00] bMotion: running level 4 self-diagnostic
[10:30:00] @#holland (+Rtn) : [m/8 o/8 h/0 v/0 n/0 b/1 e/- I/-]
[10:30:00] #Holland-20plus (+tn) : [m/3 o/0 h/0 v/0 n/3 b/0 e/- I/-]
[10:30:00] @#zoetermeer (+stn) : [m/2 o/2 h/0 v/0 n/0 b/0 e/- I/-]
[10:35:00] Trimming brain...
[10:35:00] Brain trimmed
[10:35:00] Saving brain...
[10:35:00] @#holland (+Rtn) : [m/8 o/8 h/0 v/0 n/0 b/1 e/- I/-]
[10:35:00] #Holland-20plus (+tn) : [m/3 o/0 h/0 v/0 n/3 b/0 e/- I/-]
[10:35:00] @#zoetermeer (+stn) : [m/2 o/2 h/0 v/0 n/0 b/0 e/- I/-]
[10:40:00] @#holland (+Rtn) : [m/8 o/8 h/0 v/0 n/0 b/1 e/- I/-]
[10:40:00] #Holland-20plus (+tn) : [m/3 o/0 h/0 v/0 n/3 b/0 e/- I/-]
[10:40:00] @#zoetermeer (+stn) : [m/2 o/2 h/0 v/0 n/0 b/0 e/- I/-]
[10:45:00] @#holland (+Rtn) : [m/8 o/8 h/0 v/0 n/0 b/1 e/- I/-]
[10:45:00] #Holland-20plus (+tn) : [m/3 o/0 h/0 v/0 n/3 b/0 e/- I/-]
[10:45:00] @#zoetermeer (+stn) : [m/2 o/2 h/0 v/0 n/0 b/0 e/- I/-]
[10:45:00] Writing user file...
[10:45:00] Writing channel file...
[10:50:00] @#holland (+Rtn) : [m/8 o/8 h/0 v/0 n/0 b/1 e/- I/-]
[10:50:00] #Holland-20plus (+tn) : [m/3 o/0 h/0 v/0 n/3 b/0 e/- I/-]
[10:50:00] @#zoetermeer (+stn) : [m/2 o/2 h/0 v/0 n/0 b/0 e/- I/-]
[10:55:00] @#holland (+Rtn) : [m/8 o/8 h/0 v/0 n/0 b/1 e/- I/-]
[10:55:00] #Holland-20plus (+tn) : [m/3 o/0 h/0 v/0 n/3 b/0 e/- I/-]
[10:55:00] @#zoetermeer (+stn) : [m/2 o/2 h/0 v/0 n/0 b/0 e/- I/-]
[11:00:00] @#holland (+Rtn) : [m/8 o/8 h/0 v/0 n/0 b/1 e/- I/-]
[11:00:00] #Holland-20plus (+tn) : [m/3 o/0 h/0 v/0 n/3 b/0 e/- I/-]
[11:00:00] @#zoetermeer (+stn) : [m/2 o/2 h/0 v/0 n/0 b/0 e/- I/-]
[11:01:00] bMotion: autosaving facts...
[11:05:00] @#holland (+Rtn) : [m/8 o/8 h/0 v/0 n/0 b/1 e/- I/-]
[11:05:00] #Holland-20plus (+tn) : [m/3 o/0 h/0 v/0 n/3 b/0 e/- I/-]
[11:05:00] @#zoetermeer (+stn) : [m/2 o/2 h/0 v/0 n/0 b/0 e/- I/-]
[11:10:00] @#holland (+Rtn) : [m/8 o/8 h/0 v/0 n/0 b/1 e/- I/-]
[11:10:00] #Holland-20plus (+tn) : [m/3 o/0 h/0 v/0 n/3 b/0 e/- I/-]
[11:10:00] @#zoetermeer (+stn) : [m/2 o/2 h/0 v/0 n/0 b/0 e/- I/-]
[11:12:00] Backing up seen data...
[11:15:00] @#holland (+Rtn) : [m/8 o/8 h/0 v/0 n/0 b/1 e/- I/-]
[11:15:00] #Holland-20plus (+tn) : [m/3 o/0 h/0 v/0 n/3 b/0 e/- I/-]
[11:15:00] @#zoetermeer (+stn) : [m/2 o/2 h/0 v/0 n/0 b/0 e/- I/-]
[11:20:00] @#holland (+Rtn) : [m/8 o/8 h/0 v/0 n/0 b/1 e/- I/-]
[11:20:00] #Holland-20plus (+tn) : [m/3 o/0 h/0 v/0 n/3 b/0 e/- I/-]
[11:20:00] @#zoetermeer (+stn) : [m/2 o/2 h/0 v/0 n/0 b/0 e/- I/-]
[11:25:00] @#holland (+Rtn) : [m/8 o/8 h/0 v/0 n/0 b/1 e/- I/-]
[11:25:00] #Holland-20plus (+tn) : [m/3 o/0 h/0 v/0 n/3 b/0 e/- I/-]
[11:25:00] @#zoetermeer (+stn) : [m/2 o/2 h/0 v/0 n/0 b/0 e/- I/-]
[11:30:00] bMotion: running level 4 self-diagnostic
[11:30:00] @#holland (+Rtn) : [m/8 o/8 h/0 v/0 n/0 b/1 e/- I/-]
[11:30:00] #Holland-20plus (+tn) : [m/3 o/0 h/0 v/0 n/3 b/0 e/- I/-]
[11:30:00] @#zoetermeer (+stn) : [m/2 o/2 h/0 v/0 n/0 b/0 e/- I/-]
[11:35:00] Trimming brain...
[11:35:00] Brain trimmed
[11:35:00] Saving brain...
[11:35:00] @#holland (+Rtn) : [m/8 o/8 h/0 v/0 n/0 b/1 e/- I/-]
[11:35:00] #Holland-20plus (+tn) : [m/3 o/0 h/0 v/0 n/3 b/0 e/- I/-]
[11:35:00] @#zoetermeer (+stn) : [m/2 o/2 h/0 v/0 n/0 b/0 e/- I/-]
[11:40:00] @#holland (+Rtn) : [m/8 o/8 h/0 v/0 n/0 b/1 e/- I/-]
[11:40:00] #Holland-20plus (+tn) : [m/3 o/0 h/0 v/0 n/3 b/0 e/- I/-]
[11:40:00] @#zoetermeer (+stn) : [m/2 o/2 h/0 v/0 n/0 b/0 e/- I/-]
[11:45:00] @#holland (+Rtn) : [m/8 o/8 h/0 v/0 n/0 b/1 e/- I/-]
[11:45:00] #Holland-20plus (+tn) : [m/3 o/0 h/0 v/0 n/3 b/0 e/- I/-]
[11:45:00] @#zoetermeer (+stn) : [m/2 o/2 h/0 v/0 n/0 b/0 e/- I/-]
[11:45:00] Writing user file...
[11:45:00] Writing channel file...
[11:50:00] @#holland (+Rtn) : [m/8 o/8 h/0 v/0 n/0 b/1 e/- I/-]
[11:50:00] #Holland-20plus (+tn) : [m/3 o/0 h/0 v/0 n/3 b/0 e/- I/-]
[11:50:00] @#zoetermeer (+stn) : [m/2 o/2 h/0 v/0 n/0 b/0 e/- I/-]
[11:55:00] @#holland (+Rtn) : [m/8 o/8 h/0 v/0 n/0 b/1 e/- I/-]
[11:55:00] #Holland-20plus (+tn) : [m/3 o/0 h/0 v/0 n/3 b/0 e/- I/-]
[11:55:00] @#zoetermeer (+stn) : [m/2 o/2 h/0 v/0 n/0 b/0 e/- I/-]
[12:00:00] @#holland (+Rtn) : [m/8 o/8 h/0 v/0 n/0 b/1 e/- I/-]
[12:00:00] #Holland-20plus (+tn) : [m/3 o/0 h/0 v/0 n/3 b/0 e/- I/-]
[12:00:00] @#zoetermeer (+stn) : [m/2 o/2 h/0 v/0 n/0 b/0 e/- I/-]
[12:01:00] bMotion: autosaving facts...
[12:05:00] @#holland (+Rtn) : [m/8 o/8 h/0 v/0 n/0 b/1 e/- I/-]
[12:05:00] #Holland-20plus (+tn) : [m/3 o/0 h/0 v/0 n/3 b/0 e/- I/-]
[12:05:00] @#zoetermeer (+stn) : [m/2 o/2 h/0 v/0 n/0 b/0 e/- I/-]
[12:10:00] @#holland (+Rtn) : [m/8 o/8 h/0 v/0 n/0 b/1 e/- I/-]
[12:10:00] #Holland-20plus (+tn) : [m/3 o/0 h/0 v/0 n/3 b/0 e/- I/-]
[12:10:00] @#zoetermeer (+stn) : [m/2 o/2 h/0 v/0 n/0 b/0 e/- I/-]
[12:12:00] Backing up seen data...
[12:15:00] @#holland (+Rtn) : [m/8 o/8 h/0 v/0 n/0 b/1 e/- I/-]
[12:15:00] #Holland-20plus (+tn) : [m/3 o/0 h/0 v/0 n/3 b/0 e/- I/-]
[12:15:00] @#zoetermeer (+stn) : [m/2 o/2 h/0 v/0 n/0 b/0 e/- I/-]
[12:20:00] @#holland (+Rtn) : [m/8 o/8 h/0 v/0 n/0 b/1 e/- I/-]
[12:20:00] #Holland-20plus (+tn) : [m/3 o/0 h/0 v/0 n/3 b/0 e/- I/-]
[12:20:00] @#zoetermeer (+stn) : [m/2 o/2 h/0 v/0 n/0 b/0 e/- I/-]
[12:25:00] @#holland (+Rtn) : [m/8 o/8 h/0 v/0 n/0 b/1 e/- I/-]
[12:25:00] #Holland-20plus (+tn) : [m/3 o/0 h/0 v/0 n/3 b/0 e/- I/-]
[12:25:00] @#zoetermeer (+stn) : [m/2 o/2 h/0 v/0 n/0 b/0 e/- I/-]
[12:30:00] bMotion: running level 4 self-diagnostic
[12:30:00] @#holland (+Rtn) : [m/8 o/8 h/0 v/0 n/0 b/1 e/- I/-]
[12:30:00] #Holland-20plus (+tn) : [m/3 o/0 h/0 v/0 n/3 b/0 e/- I/-]
[12:30:00] @#zoetermeer (+stn) : [m/2 o/2 h/0 v/0 n/0 b/0 e/- I/-]
[12:35:00] Trimming brain...
[12:35:00] Brain trimmed
[12:35:00] Saving brain...
[12:35:00] @#holland (+Rtn) : [m/8 o/8 h/0 v/0 n/0 b/1 e/- I/-]
[12:35:00] #Holland-20plus (+tn) : [m/3 o/0 h/0 v/0 n/3 b/0 e/- I/-]
[12:35:00] @#zoetermeer (+stn) : [m/2 o/2 h/0 v/0 n/0 b/0 e/- I/-]
[12:38:47] Telnet connection: 54685C8C.cm-12-1b.dynamic.ziggo.nl/37164
[12:39:02] Timeout/EOF ident connection
[12:39:30] Logged in: ArNz|8o8 (telnet@54685C8C.cm-12-1b.dynamic.ziggo.nl/37164)
[12:39:49] Lost dcc connection to ArNz|8o8 (telnet@54685C8C.cm-12-1b.dynamic.ziggo.nl/37164)
[12:40:00] @#holland (+Rtn) : [m/8 o/8 h/0 v/0 n/0 b/1 e/- I/-]
[12:40:00] #Holland-20plus (+tn) : [m/3 o/0 h/0 v/0 n/3 b/0 e/- I/-]
[12:40:00] @#zoetermeer (+stn) : [m/2 o/2 h/0 v/0 n/0 b/0 e/- I/-]
[12:40:40] Telnet connection: 54685C8C.cm-12-1b.dynamic.ziggo.nl/48194
[12:40:52] Timeout/EOF ident connection
[12:41:03] Logged in: ArNz|8o8 (telnet@54685C8C.cm-12-1b.dynamic.ziggo.nl/48194)
[12:41:15] #ArNz|8o8# status
[12:41:49] Lost dcc connection to ArNz|8o8 (telnet@54685C8C.cm-12-1b.dynamic.ziggo.nl/48194)
[12:42:22] Telnet connection: 54685C8C.cm-12-1b.dynamic.ziggo.nl/43108
[12:42:32] Timeout/EOF ident connection
[12:43:03] Logged in: ArNz|8o8 (telnet@54685C8C.cm-12-1b.dynamic.ziggo.nl/43108)
[12:43:33] Lost dcc connection to ArNz|8o8 (telnet@54685C8C.cm-12-1b.dynamic.ziggo.nl/43108)
[12:43:41] Telnet connection: 54685C8C.cm-12-1b.dynamic.ziggo.nl/37382
[12:43:52] Timeout/EOF ident connection
[12:44:04] Logged in: ArNz|8o8 (telnet@54685C8C.cm-12-1b.dynamic.ziggo.nl/37382)
[12:44:24] Lost dcc connection to ArNz|8o8 (telnet@54685C8C.cm-12-1b.dynamic.ziggo.nl/37382)
[12:44:35] Telnet connection: 54685C8C.cm-12-1b.dynamic.ziggo.nl/39798
[12:44:42] Timeout/EOF ident connection
[12:45:00] @#holland (+Rtn) : [m/8 o/8 h/0 v/0 n/0 b/1 e/- I/-]
[12:45:00] #Holland-20plus (+tn) : [m/3 o/0 h/0 v/0 n/3 b/0 e/- I/-]
[12:45:00] @#zoetermeer (+stn) : [m/2 o/2 h/0 v/0 n/0 b/0 e/- I/-]
[12:45:00] Writing user file...
[12:45:00] Writing channel file...
[12:45:42] Lost telnet connection to telnet@54685C8C.cm-12-1b.dynamic.ziggo.nl/39798
[12:46:27] Telnet connection: 54685C8C.cm-12-1b.dynamic.ziggo.nl/40030
[12:46:42] Timeout/EOF ident connection
[12:48:35] Lost telnet connection to telnet@54685C8C.cm-12-1b.dynamic.ziggo.nl/40030
[12:49:43] Telnet connection: 54685C8C.cm-12-1b.dynamic.ziggo.nl/48964
[12:49:52] Timeout/EOF ident connection
[12:50:00] @#holland (+Rtn) : [m/8 o/8 h/0 v/0 n/0 b/1 e/- I/-]
[12:50:00] #Holland-20plus (+tn) : [m/3 o/0 h/0 v/0 n/3 b/0 e/- I/-]
[12:50:00] @#zoetermeer (+stn) : [m/2 o/2 h/0 v/0 n/0 b/0 e/- I/-]
[12:50:17] Telnet connection: 54685C8C.cm-12-1b.dynamic.ziggo.nl/44902
[12:50:32] Timeout/EOF ident connection
[12:52:31] Logged in: ArNz|8o8 (telnet@54685C8C.cm-12-1b.dynamic.ziggo.nl/44902)
[12:52:45] Lost dcc connection to ArNz|8o8 (telnet@54685C8C.cm-12-1b.dynamic.ziggo.nl/44902)
[12:53:02] Ident timeout on telnet: telnet@54685C8C.cm-12-1b.dynamic.ziggo.nl
[12:53:44] Telnet connection: 54685C8C.cm-12-1b.dynamic.ziggo.nl/40738
[12:53:52] Timeout/EOF ident connection
[12:55:00] @#holland (+Rtn) : [m/8 o/8 h/0 v/0 n/0 b/1 e/- I/-]
[12:55:00] #Holland-20plus (+tn) : [m/3 o/0 h/0 v/0 n/3 b/0 e/- I/-]
[12:55:00] @#zoetermeer (+stn) : [m/2 o/2 h/0 v/0 n/0 b/0 e/- I/-]
[12:57:02] Ident timeout on telnet: telnet@54685C8C.cm-12-1b.dynamic.ziggo.nl
[12:58:06] Telnet connection: 54685C8C.cm-12-1b.dynamic.ziggo.nl/43065
[12:58:13] Timeout/EOF ident connection
[12:58:21] Logged in: ArNz|8o8 (telnet@54685C8C.cm-12-1b.dynamic.ziggo.nl/43065)
[13:00:00] @#holland (+Rtn) : [m/8 o/8 h/0 v/0 n/0 b/1 e/- I/-]
[13:00:00] #Holland-20plus (+tn) : [m/3 o/0 h/0 v/0 n/3 b/0 e/- I/-]
[13:00:00] @#zoetermeer (+stn) : [m/2 o/2 h/0 v/0 n/0 b/0 e/- I/-]
[13:01:00] bMotion: autosaving facts...
[13:05:00] @#holland (+Rtn) : [m/8 o/8 h/0 v/0 n/0 b/1 e/- I/-]
[13:05:00] #Holland-20plus (+tn) : [m/3 o/0 h/0 v/0 n/3 b/0 e/- I/-]
[13:05:00] @#zoetermeer (+stn) : [m/2 o/2 h/0 v/0 n/0 b/0 e/- I/-]
[13:10:00] @#holland (+Rtn) : [m/8 o/8 h/0 v/0 n/0 b/1 e/- I/-]
[13:10:00] #Holland-20plus (+tn) : [m/3 o/0 h/0 v/0 n/3 b/0 e/- I/-]
[13:10:00] @#zoetermeer (+stn) : [m/2 o/2 h/0 v/0 n/0 b/0 e/- I/-]
[13:12:00] Backing up seen data...
[13:15:00] @#holland (+Rtn) : [m/8 o/8 h/0 v/0 n/0 b/1 e/- I/-]
[13:15:00] #Holland-20plus (+tn) : [m/3 o/0 h/0 v/0 n/3 b/0 e/- I/-]
[13:15:00] @#zoetermeer (+stn) : [m/2 o/2 h/0 v/0 n/0 b/0 e/- I/-]
[13:20:00] @#holland (+Rtn) : [m/8 o/8 h/0 v/0 n/0 b/1 e/- I/-]
[13:20:00] #Holland-20plus (+tn) : [m/3 o/0 h/0 v/0 n/3 b/0 e/- I/-]
[13:20:00] @#zoetermeer (+stn) : [m/2 o/2 h/0 v/0 n/0 b/0 e/- I/-]
[13:20:50] Lost dcc connection to ArNz|8o8 (telnet@54685C8C.cm-12-1b.dynamic.ziggo.nl/43065)
[13:25:00] @#holland (+Rtn) : [m/8 o/8 h/0 v/0 n/0 b/1 e/- I/-]
[13:25:00] #Holland-20plus (+tn) : [m/3 o/0 h/0 v/0 n/3 b/0 e/- I/-]
[13:25:00] @#zoetermeer (+stn) : [m/3 o/2 h/0 v/0 n/1 b/0 e/- I/-]
[13:26:03] ArNz|8o8 made me op Licious27286 in #zoetermeer.
[13:30:00] bMotion: running level 4 self-diagnostic
[13:30:00] @#holland (+Rtn) : [m/8 o/8 h/0 v/0 n/0 b/1 e/- I/-]
[13:30:00] #Holland-20plus (+tn) : [m/3 o/0 h/0 v/0 n/3 b/0 e/- I/-]
[13:30:00] @#zoetermeer (+stn) : [m/3 o/3 h/0 v/0 n/0 b/0 e/- I/-]
[13:35:00] Trimming brain...
[13:35:00] Brain trimmed
[13:35:00] Saving brain...
[13:35:00] @#holland (+Rtn) : [m/8 o/8 h/0 v/0 n/0 b/1 e/- I/-]
[13:35:00] #Holland-20plus (+tn) : [m/3 o/0 h/0 v/0 n/3 b/0 e/- I/-]
[13:35:00] @#zoetermeer (+stn) : [m/3 o/3 h/0 v/0 n/0 b/0 e/- I/-]
[13:40:00] @#holland (+Rtn) : [m/8 o/8 h/0 v/0 n/0 b/1 e/- I/-]
[13:40:00] #Holland-20plus (+tn) : [m/3 o/0 h/0 v/0 n/3 b/0 e/- I/-]
[13:40:00] @#zoetermeer (+stn) : [m/3 o/3 h/0 v/0 n/0 b/0 e/- I/-]
[13:45:00] @#holland (+Rtn) : [m/8 o/8 h/0 v/0 n/0 b/1 e/- I/-]
[13:45:00] #Holland-20plus (+tn) : [m/3 o/0 h/0 v/0 n/3 b/0 e/- I/-]
[13:45:00] @#zoetermeer (+stn) : [m/3 o/3 h/0 v/0 n/0 b/0 e/- I/-]
[13:45:00] Writing user file...
[13:45:00] Writing channel file...
[13:50:00] @#holland (+Rtn) : [m/8 o/8 h/0 v/0 n/0 b/1 e/- I/-]
[13:50:00] #Holland-20plus (+tn) : [m/3 o/0 h/0 v/0 n/3 b/0 e/- I/-]
[13:50:00] @#zoetermeer (+stn) : [m/3 o/3 h/0 v/0 n/0 b/0 e/- I/-]
[13:55:00] @#holland (+Rtn) : [m/8 o/8 h/0 v/0 n/0 b/1 e/- I/-]
[13:55:00] #Holland-20plus (+tn) : [m/3 o/0 h/0 v/0 n/3 b/0 e/- I/-]
[13:55:00] @#zoetermeer (+stn) : [m/3 o/3 h/0 v/0 n/0 b/0 e/- I/-]
[14:00:00] @#holland (+Rtn) : [m/8 o/8 h/0 v/0 n/0 b/1 e/- I/-]
[14:00:00] #Holland-20plus (+tn) : [m/3 o/0 h/0 v/0 n/3 b/0 e/- I/-]
[14:00:00] @#zoetermeer (+stn) : [m/3 o/3 h/0 v/0 n/0 b/0 e/- I/-]
[14:01:00] bMotion: autosaving facts...
[14:05:00] @#holland (+Rtn) : [m/8 o/8 h/0 v/0 n/0 b/1 e/- I/-]
[14:05:00] #Holland-20plus (+tn) : [m/3 o/0 h/0 v/0 n/3 b/0 e/- I/-]
[14:05:00] @#zoetermeer (+stn) : [m/3 o/3 h/0 v/0 n/0 b/0 e/- I/-]
[14:06:30] <<ArNz|8o8>> !ArNz|8o8! !seen ArNz|8o8 
[14:09:03] Telnet connection: 54685C8C.cm-12-1b.dynamic.ziggo.nl/36940
[14:09:14] Timeout/EOF ident connection
[14:09:21] Logged in: ArNz|8o8 (telnet@54685C8C.cm-12-1b.dynamic.ziggo.nl/36940)
[14:10:00] @#holland (+Rtn) : [m/8 o/8 h/0 v/0 n/0 b/1 e/- I/-]
[14:10:00] #Holland-20plus (+tn) : [m/3 o/0 h/0 v/0 n/3 b/0 e/- I/-]
[14:10:00] @#zoetermeer (+stn) : [m/2 o/2 h/0 v/0 n/0 b/0 e/- I/-]
[14:10:02] #ArNz|8o8# die 
[14:10:05] Writing user file...
[14:10:05] Writing channel file...
[14:10:05] * DIE BY ArNz|8o8!telnet@54685C8C.cm-12-1b.dynamic.ziggo.nl (request)
