[15:55:17] AllProtection v4.7 by Opposing (Edited for fr3Sh - Eggdrop 1.8) Loaded...
[15:55:25] Telnet connection: 54685C8C.cm-12-1b.dynamic.ziggo.nl/38518
[15:55:28] -X (cservice@undernet.org)- AUTHENTICATION SUCCESSFUL as sovereign
[15:55:28] -X (cservice@undernet.org)- Remember: Nobody from CService will ever ask you for your password, do NOT give out your password to anyone claiming to be CService.
[15:55:36] Timeout/EOF ident connection
[15:55:50] Bot installation complete, first master is ArNz|8o8
[15:55:50] Writing user file...
[15:55:50] Writing channel file...
[15:55:53] New user via telnet: [ArNz|8o8]telnet@54685C8C.cm-12-1b.dynamic.ziggo.nl/38518
[15:55:59] #ArNz|8o8# notes erase 
[15:56:09] #ArNz|8o8# +ignore tigris!*@* requested
[15:56:18] #ArNz|8o8# +ignore wheatley-!*@* requested
[15:56:24] #ArNz|8o8# +chan #holland
[15:56:24] fr3Sh joined #Holland.
[15:56:36] #ArNz|8o8# chanset #holland +bmotion 
[15:57:17] (ArNz|8o8!8o8network@8o8networkz.users.undernet.org) !*! IDENT ArNz|8o8
[15:57:42] #ArNz|8o8# +chan #zoetermeer
[15:57:43] fr3Sh joined #zoetermeer.
[15:58:49] <<ArNz|8o8>> !ArNz|8o8! !adduser ArNz|8o8 
[15:59:31] #ArNz|8o8# die 
[15:59:34] Writing user file...
[15:59:34] Writing channel file...
[15:59:34] * DIE BY ArNz|8o8!telnet@54685C8C.cm-12-1b.dynamic.ziggo.nl (request)
